<?xml version="1.0" encoding="UTF-8"?>
<testng-results ignored="0" total="1" passed="1" failed="0" skipped="0">
  <reporter-output>
  </reporter-output>
  <suite started-at="2023-03-28T16:29:51 IST" name="Default suite" finished-at="2023-03-28T16:29:51 IST" duration-ms="115">
    <groups>
    </groups>
    <test started-at="2023-03-28T16:29:51 IST" name="Default test" finished-at="2023-03-28T16:29:51 IST" duration-ms="115">
      <class name="githubPractice.Practice">
        <test-method signature="sample()[pri:0, instance:githubPractice.Practice@d4342c2]" started-at="2023-03-28T16:29:51 IST" name="sample" finished-at="2023-03-28T16:29:51 IST" duration-ms="20" status="PASS">
          <reporter-output>
          </reporter-output>
        </test-method> <!-- sample -->
      </class> <!-- githubPractice.Practice -->
    </test> <!-- Default test -->
  </suite> <!-- Default suite -->
</testng-results>
